<?xml version="1.0" encoding="UTF-8"?>
<!-- Generated by org.testng.reporters.JUnitReportReporter -->
<testsuite ignored="7" hostname="HP-Pavilion-GTX" failures="0" tests="1" name="Test.Login" time="7.875" errors="0" timestamp="18 Jan 2025 22:47:37 GMT" skipped="0">
  <testcase classname="Test.Login" name="LoggingInWithValidDetails" time="7.875"/>
  <testcase classname="Test.Login" name="LoginWithoutProvidingAnyCredentials">
    <skipped/>
  </testcase> <!-- LoginWithoutProvidingAnyCredentials -->
  <testcase classname="Test.Login" name="LoggingInWithInvalidEmailValidPassword">
    <skipped/>
  </testcase> <!-- LoggingInWithInvalidEmailValidPassword -->
  <testcase classname="Test.Login" name="LoggingInWithInvalidDetails">
    <skipped/>
  </testcase> <!-- LoggingInWithInvalidDetails -->
  <testcase classname="Test.Login" name="LoginAndNavigatingBack">
    <skipped/>
  </testcase> <!-- LoginAndNavigatingBack -->
  <testcase classname="Test.Login" name="LoginWithValidEmailInvalidPassword">
    <skipped/>
  </testcase> <!-- LoginWithValidEmailInvalidPassword -->
  <testcase classname="Test.Login" name="LoginUsingKeyboardTab">
    <skipped/>
  </testcase> <!-- LoginUsingKeyboardTab -->
  <testcase classname="Test.Login" name="VerifyForgottenPasswordLink">
    <skipped/>
  </testcase> <!-- VerifyForgottenPasswordLink -->
</testsuite> <!-- Test.Login -->
