<?xml version="1.0" encoding="UTF-8"?>
<!-- Generated by org.testng.reporters.JUnitReportReporter -->
<testsuite ignored="0" hostname="HP-Pavilion-GTX" failures="0" tests="8" name="Test.Login" time="66.391" errors="0" timestamp="19 Jan 2025 12:09:33 GMT" skipped="0">
  <testcase classname="Test.Login" name="LoginUsingKeyboardTab" time="7.391"/>
  <testcase classname="Test.Login" name="LoggingInWithInvalidEmailValidPassword" time="7.213"/>
  <testcase classname="Test.Login" name="LoginWithoutProvidingAnyCredentials" time="7.140"/>
  <testcase classname="Test.Login" name="LoginAndNavigatingBack" time="8.201"/>
  <testcase classname="Test.Login" name="LoggingInWithValidDetails" time="7.196"/>
  <testcase classname="Test.Login" name="VerifyForgottenPasswordLink" time="7.492"/>
  <testcase classname="Test.Login" name="LoginWithValidEmailInvalidPassword" time="14.054"/>
  <testcase classname="Test.Login" name="LoggingInWithInvalidDetails" time="7.704"/>
</testsuite> <!-- Test.Login -->
