<?xml version="1.0" encoding="UTF-8"?>
<!-- Generated by org.testng.reporters.JUnitReportReporter -->
<testsuite ignored="5" hostname="HP-Pavilion-GTX" failures="0" tests="1" name="Test.AddToCart" time="16.330" errors="0" timestamp="18 Jan 2025 20:04:11 GMT" skipped="0">
  <testcase classname="Test.AddToCart" name="AddToCartFromProductComparisionPage" time="16.330"/>
  <testcase classname="Test.AddToCart" name="AddProductToCartFromWishlist">
    <skipped/>
  </testcase> <!-- AddProductToCartFromWishlist -->
  <testcase classname="Test.AddToCart" name="AddProductFromProductDisplayPage">
    <skipped/>
  </testcase> <!-- AddProductFromProductDisplayPage -->
  <testcase classname="Test.AddToCart" name="AddProductFromSearchResultPage">
    <skipped/>
  </testcase> <!-- AddProductFromSearchResultPage -->
  <testcase classname="Test.AddToCart" name="AddToCartFromFeaturesSection">
    <skipped/>
  </testcase> <!-- AddToCartFromFeaturesSection -->
  <testcase classname="Test.AddToCart" name="AddProductToCartFromProductPage">
    <skipped/>
  </testcase> <!-- AddProductToCartFromProductPage -->
</testsuite> <!-- Test.AddToCart -->
