<?xml version="1.0" encoding="UTF-8"?>
<!-- Generated by org.testng.reporters.JUnitReportReporter -->
<testsuite ignored="5" hostname="HP-Pavilion-GTX" failures="0" tests="1" name="Test.Register" time="7.625" errors="0" timestamp="18 Jan 2025 10:43:33 GMT" skipped="0">
  <testcase classname="Test.Register" name="RegistrationByNotprovidingConfirmPassword" time="7.625"/>
  <testcase classname="Test.Register" name="RegistrationByProvidingAllFields">
    <skipped/>
  </testcase> <!-- RegistrationByProvidingAllFields -->
  <testcase classname="Test.Register" name="RegistrationByProvidingDifferentPasswords">
    <skipped/>
  </testcase> <!-- RegistrationByProvidingDifferentPasswords -->
  <testcase classname="Test.Register" name="RegistrationByWithoutSelectingPrivacyCheckBox">
    <skipped/>
  </testcase> <!-- RegistrationByWithoutSelectingPrivacyCheckBox -->
  <testcase classname="Test.Register" name="RegisterByProvidingValidCredentials">
    <skipped/>
  </testcase> <!-- RegisterByProvidingValidCredentials -->
  <testcase classname="Test.Register" name="RegistrationByProvidingExistingEmail">
    <skipped/>
  </testcase> <!-- RegistrationByProvidingExistingEmail -->
</testsuite> <!-- Test.Register -->
