<?xml version="1.0" encoding="UTF-8"?>
<!-- Generated by org.testng.reporters.JUnitReportReporter -->
<testsuite ignored="10" hostname="HP-Pavilion-GTX" failures="0" tests="1" name="Test.Search" time="5.417" errors="0" timestamp="18 Jan 2025 19:17:55 GMT" skipped="0">
  <testcase classname="Test.Search" name="VerifyProductCompareLink" time="5.417"/>
  <testcase classname="Test.Search" name="SearchWithExisitingProductName">
    <skipped/>
  </testcase> <!-- SearchWithExisitingProductName -->
  <testcase classname="Test.Search" name="VerifyUsingSearchcriteriaField">
    <skipped/>
  </testcase> <!-- VerifyUsingSearchcriteriaField -->
  <testcase classname="Test.Search" name="SearchWithMultiplecriteriaProduct">
    <skipped/>
  </testcase> <!-- SearchWithMultiplecriteriaProduct -->
  <testcase classname="Test.Search" name="SearchWithValidProductAfterLogin">
    <skipped/>
  </testcase> <!-- SearchWithValidProductAfterLogin -->
  <testcase classname="Test.Search" name="VerifySearchCriteriaBySelectingCategory">
    <skipped/>
  </testcase> <!-- VerifySearchCriteriaBySelectingCategory -->
  <testcase classname="Test.Search" name="VerifySearchcriteriaUSingProductDescription">
    <skipped/>
  </testcase> <!-- VerifySearchcriteriaUSingProductDescription -->
  <testcase classname="Test.Search" name="SearchWithNonExistingProductName">
    <skipped/>
  </testcase> <!-- SearchWithNonExistingProductName -->
  <testcase classname="Test.Search" name="SearchWithoutAnyProductName">
    <skipped/>
  </testcase> <!-- SearchWithoutAnyProductName -->
  <testcase classname="Test.Search" name="VerifySearchCriteriaBySubCategories">
    <skipped/>
  </testcase> <!-- VerifySearchCriteriaBySubCategories -->
  <testcase classname="Test.Search" name="VerifySearchPlaceHolder">
    <skipped/>
  </testcase> <!-- VerifySearchPlaceHolder -->
</testsuite> <!-- Test.Search -->
